<?xml version="1.0" encoding="UTF-8"?>
<robot generator="Robot 6.1.1 (Python 3.10.12 on linux)" generated="20231113 21:16:39.438" rpa="false" schemaversion="4">
<suite id="s1" name="Tests" source="/home/juhopaan/yliopisto/ohtu/ohtu-palautusrepositorio/viikko3/login-robot/src/tests">
<suite id="s1-s1" name="Login" source="/home/juhopaan/yliopisto/ohtu/ohtu-palautusrepositorio/viikko3/login-robot/src/tests/login.robot">
<test id="s1-s1-t1" name="Login With Correct Credentials" line="6">
<kw name="Create User And Input Login Command" type="SETUP">
<kw name="Create User" library="AppLibrary">
<arg>kalle</arg>
<arg>kalle123</arg>
<status status="PASS" starttime="20231113 21:16:39.458" endtime="20231113 21:16:39.459"/>
</kw>
<kw name="Input Login Command" library="resource">
<kw name="Input" library="AppLibrary">
<arg>login</arg>
<status status="PASS" starttime="20231113 21:16:39.459" endtime="20231113 21:16:39.459"/>
</kw>
<status status="PASS" starttime="20231113 21:16:39.459" endtime="20231113 21:16:39.459"/>
</kw>
<status status="PASS" starttime="20231113 21:16:39.458" endtime="20231113 21:16:39.459"/>
</kw>
<kw name="Input Credentials" library="resource">
<arg>kalle</arg>
<arg>kalle123</arg>
<kw name="Input" library="AppLibrary">
<arg>${username}</arg>
<status status="PASS" starttime="20231113 21:16:39.459" endtime="20231113 21:16:39.460"/>
</kw>
<kw name="Input" library="AppLibrary">
<arg>${password}</arg>
<status status="PASS" starttime="20231113 21:16:39.460" endtime="20231113 21:16:39.460"/>
</kw>
<kw name="Run Application" library="AppLibrary">
<status status="PASS" starttime="20231113 21:16:39.460" endtime="20231113 21:16:39.460"/>
</kw>
<status status="PASS" starttime="20231113 21:16:39.459" endtime="20231113 21:16:39.460"/>
</kw>
<kw name="Output Should Contain" library="AppLibrary">
<arg>Logged in</arg>
<status status="PASS" starttime="20231113 21:16:39.460" endtime="20231113 21:16:39.460"/>
</kw>
<status status="PASS" starttime="20231113 21:16:39.458" endtime="20231113 21:16:39.460"/>
</test>
<test id="s1-s1-t2" name="Login With Incorrect Password" line="10">
<kw name="Create User And Input Login Command" type="SETUP">
<kw name="Create User" library="AppLibrary">
<arg>kalle</arg>
<arg>kalle123</arg>
<status status="PASS" starttime="20231113 21:16:39.461" endtime="20231113 21:16:39.461"/>
</kw>
<kw name="Input Login Command" library="resource">
<kw name="Input" library="AppLibrary">
<arg>login</arg>
<status status="PASS" starttime="20231113 21:16:39.461" endtime="20231113 21:16:39.461"/>
</kw>
<status status="PASS" starttime="20231113 21:16:39.461" endtime="20231113 21:16:39.461"/>
</kw>
<status status="PASS" starttime="20231113 21:16:39.461" endtime="20231113 21:16:39.461"/>
</kw>
<kw name="Input Credentials" library="resource">
<arg>kalle</arg>
<arg>kalle1</arg>
<kw name="Input" library="AppLibrary">
<arg>${username}</arg>
<status status="PASS" starttime="20231113 21:16:39.462" endtime="20231113 21:16:39.462"/>
</kw>
<kw name="Input" library="AppLibrary">
<arg>${password}</arg>
<status status="PASS" starttime="20231113 21:16:39.462" endtime="20231113 21:16:39.462"/>
</kw>
<kw name="Run Application" library="AppLibrary">
<status status="PASS" starttime="20231113 21:16:39.462" endtime="20231113 21:16:39.462"/>
</kw>
<status status="PASS" starttime="20231113 21:16:39.461" endtime="20231113 21:16:39.462"/>
</kw>
<kw name="Output Should Contain" library="AppLibrary">
<arg>Invalid username or password</arg>
<status status="PASS" starttime="20231113 21:16:39.462" endtime="20231113 21:16:39.462"/>
</kw>
<status status="PASS" starttime="20231113 21:16:39.460" endtime="20231113 21:16:39.462"/>
</test>
<test id="s1-s1-t3" name="Login With Nonexistent Username" line="14">
<kw name="Create User And Input Login Command" type="SETUP">
<kw name="Create User" library="AppLibrary">
<arg>kalle</arg>
<arg>kalle123</arg>
<status status="PASS" starttime="20231113 21:16:39.463" endtime="20231113 21:16:39.463"/>
</kw>
<kw name="Input Login Command" library="resource">
<kw name="Input" library="AppLibrary">
<arg>login</arg>
<status status="PASS" starttime="20231113 21:16:39.463" endtime="20231113 21:16:39.463"/>
</kw>
<status status="PASS" starttime="20231113 21:16:39.463" endtime="20231113 21:16:39.463"/>
</kw>
<status status="PASS" starttime="20231113 21:16:39.463" endtime="20231113 21:16:39.463"/>
</kw>
<kw name="Input Credentials" library="resource">
<arg>pekka</arg>
<arg>kalle123</arg>
<kw name="Input" library="AppLibrary">
<arg>${username}</arg>
<status status="PASS" starttime="20231113 21:16:39.463" endtime="20231113 21:16:39.464"/>
</kw>
<kw name="Input" library="AppLibrary">
<arg>${password}</arg>
<status status="PASS" starttime="20231113 21:16:39.464" endtime="20231113 21:16:39.464"/>
</kw>
<kw name="Run Application" library="AppLibrary">
<status status="PASS" starttime="20231113 21:16:39.464" endtime="20231113 21:16:39.464"/>
</kw>
<status status="PASS" starttime="20231113 21:16:39.463" endtime="20231113 21:16:39.464"/>
</kw>
<kw name="Output Should Contain" library="AppLibrary">
<arg>Invalid username or password</arg>
<status status="PASS" starttime="20231113 21:16:39.464" endtime="20231113 21:16:39.464"/>
</kw>
<status status="PASS" starttime="20231113 21:16:39.462" endtime="20231113 21:16:39.464"/>
</test>
<status status="PASS" starttime="20231113 21:16:39.453" endtime="20231113 21:16:39.464"/>
</suite>
<suite id="s1-s2" name="Register" source="/home/juhopaan/yliopisto/ohtu/ohtu-palautusrepositorio/viikko3/login-robot/src/tests/register.robot">
<test id="s1-s2-t1" name="Register With Valid Username And Password" line="6">
<kw name="Input New Command And Create User" type="SETUP">
<kw name="Input New Command" library="resource">
<kw name="Input" library="AppLibrary">
<arg>new</arg>
<status status="PASS" starttime="20231113 21:16:39.467" endtime="20231113 21:16:39.467"/>
</kw>
<status status="PASS" starttime="20231113 21:16:39.467" endtime="20231113 21:16:39.468"/>
</kw>
<kw name="Create User" library="AppLibrary">
<arg>kalle</arg>
<arg>kalle123</arg>
<status status="PASS" starttime="20231113 21:16:39.468" endtime="20231113 21:16:39.468"/>
</kw>
<status status="PASS" starttime="20231113 21:16:39.467" endtime="20231113 21:16:39.468"/>
</kw>
<kw name="Input User Details" library="resource">
<arg>palle</arg>
<arg>palle123</arg>
<kw name="Input" library="AppLibrary">
<arg>${username}</arg>
<status status="PASS" starttime="20231113 21:16:39.468" endtime="20231113 21:16:39.468"/>
</kw>
<kw name="Input" library="AppLibrary">
<arg>${password}</arg>
<status status="PASS" starttime="20231113 21:16:39.468" endtime="20231113 21:16:39.468"/>
</kw>
<kw name="Run Application" library="AppLibrary">
<status status="PASS" starttime="20231113 21:16:39.468" endtime="20231113 21:16:39.468"/>
</kw>
<status status="PASS" starttime="20231113 21:16:39.468" endtime="20231113 21:16:39.468"/>
</kw>
<kw name="Output Should Contain" library="AppLibrary">
<arg>New user registered</arg>
<status status="PASS" starttime="20231113 21:16:39.469" endtime="20231113 21:16:39.469"/>
</kw>
<status status="PASS" starttime="20231113 21:16:39.467" endtime="20231113 21:16:39.469"/>
</test>
<test id="s1-s2-t2" name="Register With Already Taken Username And Valid Password" line="11">
<kw name="Input New Command And Create User" type="SETUP">
<kw name="Input New Command" library="resource">
<kw name="Input" library="AppLibrary">
<arg>new</arg>
<status status="PASS" starttime="20231113 21:16:39.469" endtime="20231113 21:16:39.470"/>
</kw>
<status status="PASS" starttime="20231113 21:16:39.469" endtime="20231113 21:16:39.470"/>
</kw>
<kw name="Create User" library="AppLibrary">
<arg>kalle</arg>
<arg>kalle123</arg>
<status status="PASS" starttime="20231113 21:16:39.470" endtime="20231113 21:16:39.470"/>
</kw>
<status status="PASS" starttime="20231113 21:16:39.469" endtime="20231113 21:16:39.470"/>
</kw>
<kw name="Input User Details" library="resource">
<arg>kalle</arg>
<arg>kalle123</arg>
<kw name="Input" library="AppLibrary">
<arg>${username}</arg>
<status status="PASS" starttime="20231113 21:16:39.470" endtime="20231113 21:16:39.470"/>
</kw>
<kw name="Input" library="AppLibrary">
<arg>${password}</arg>
<status status="PASS" starttime="20231113 21:16:39.470" endtime="20231113 21:16:39.470"/>
</kw>
<kw name="Run Application" library="AppLibrary">
<status status="PASS" starttime="20231113 21:16:39.470" endtime="20231113 21:16:39.470"/>
</kw>
<status status="PASS" starttime="20231113 21:16:39.470" endtime="20231113 21:16:39.471"/>
</kw>
<kw name="Output Should Contain" library="AppLibrary">
<arg>Username already exists</arg>
<status status="PASS" starttime="20231113 21:16:39.471" endtime="20231113 21:16:39.471"/>
</kw>
<status status="PASS" starttime="20231113 21:16:39.469" endtime="20231113 21:16:39.471"/>
</test>
<test id="s1-s2-t3" name="Register With Too Short Username And Valid Password" line="16">
<kw name="Input New Command And Create User" type="SETUP">
<kw name="Input New Command" library="resource">
<kw name="Input" library="AppLibrary">
<arg>new</arg>
<status status="PASS" starttime="20231113 21:16:39.472" endtime="20231113 21:16:39.472"/>
</kw>
<status status="PASS" starttime="20231113 21:16:39.471" endtime="20231113 21:16:39.472"/>
</kw>
<kw name="Create User" library="AppLibrary">
<arg>kalle</arg>
<arg>kalle123</arg>
<status status="PASS" starttime="20231113 21:16:39.472" endtime="20231113 21:16:39.472"/>
</kw>
<status status="PASS" starttime="20231113 21:16:39.471" endtime="20231113 21:16:39.472"/>
</kw>
<kw name="Input User Details" library="resource">
<arg>ka</arg>
<arg>kalle123</arg>
<kw name="Input" library="AppLibrary">
<arg>${username}</arg>
<status status="PASS" starttime="20231113 21:16:39.472" endtime="20231113 21:16:39.472"/>
</kw>
<kw name="Input" library="AppLibrary">
<arg>${password}</arg>
<status status="PASS" starttime="20231113 21:16:39.472" endtime="20231113 21:16:39.473"/>
</kw>
<kw name="Run Application" library="AppLibrary">
<status status="PASS" starttime="20231113 21:16:39.473" endtime="20231113 21:16:39.473"/>
</kw>
<status status="PASS" starttime="20231113 21:16:39.472" endtime="20231113 21:16:39.473"/>
</kw>
<kw name="Output Should Contain" library="AppLibrary">
<arg>Invalid username, at least 3 characters and only a-z allowed</arg>
<status status="PASS" starttime="20231113 21:16:39.473" endtime="20231113 21:16:39.473"/>
</kw>
<status status="PASS" starttime="20231113 21:16:39.471" endtime="20231113 21:16:39.473"/>
</test>
<test id="s1-s2-t4" name="Register With Enough Long But Invald Username And Valid Password" line="20">
<kw name="Input New Command And Create User" type="SETUP">
<kw name="Input New Command" library="resource">
<kw name="Input" library="AppLibrary">
<arg>new</arg>
<status status="PASS" starttime="20231113 21:16:39.474" endtime="20231113 21:16:39.474"/>
</kw>
<status status="PASS" starttime="20231113 21:16:39.474" endtime="20231113 21:16:39.474"/>
</kw>
<kw name="Create User" library="AppLibrary">
<arg>kalle</arg>
<arg>kalle123</arg>
<status status="PASS" starttime="20231113 21:16:39.474" endtime="20231113 21:16:39.474"/>
</kw>
<status status="PASS" starttime="20231113 21:16:39.474" endtime="20231113 21:16:39.474"/>
</kw>
<kw name="Input User Details" library="resource">
<arg>kalle1</arg>
<arg>kalle123</arg>
<kw name="Input" library="AppLibrary">
<arg>${username}</arg>
<status status="PASS" starttime="20231113 21:16:39.475" endtime="20231113 21:16:39.475"/>
</kw>
<kw name="Input" library="AppLibrary">
<arg>${password}</arg>
<status status="PASS" starttime="20231113 21:16:39.475" endtime="20231113 21:16:39.475"/>
</kw>
<kw name="Run Application" library="AppLibrary">
<status status="PASS" starttime="20231113 21:16:39.475" endtime="20231113 21:16:39.475"/>
</kw>
<status status="PASS" starttime="20231113 21:16:39.474" endtime="20231113 21:16:39.475"/>
</kw>
<kw name="Output Should Contain" library="AppLibrary">
<arg>Invalid username, at least 3 characters and only a-z allowed</arg>
<status status="PASS" starttime="20231113 21:16:39.475" endtime="20231113 21:16:39.475"/>
</kw>
<status status="PASS" starttime="20231113 21:16:39.473" endtime="20231113 21:16:39.475"/>
</test>
<test id="s1-s2-t5" name="Register With Valid Username And Too Short Password" line="24">
<kw name="Input New Command And Create User" type="SETUP">
<kw name="Input New Command" library="resource">
<kw name="Input" library="AppLibrary">
<arg>new</arg>
<status status="PASS" starttime="20231113 21:16:39.476" endtime="20231113 21:16:39.476"/>
</kw>
<status status="PASS" starttime="20231113 21:16:39.476" endtime="20231113 21:16:39.476"/>
</kw>
<kw name="Create User" library="AppLibrary">
<arg>kalle</arg>
<arg>kalle123</arg>
<status status="PASS" starttime="20231113 21:16:39.476" endtime="20231113 21:16:39.476"/>
</kw>
<status status="PASS" starttime="20231113 21:16:39.476" endtime="20231113 21:16:39.476"/>
</kw>
<kw name="Input User Details" library="resource">
<arg>kallee</arg>
<arg>kalle12</arg>
<kw name="Input" library="AppLibrary">
<arg>${username}</arg>
<status status="PASS" starttime="20231113 21:16:39.477" endtime="20231113 21:16:39.477"/>
</kw>
<kw name="Input" library="AppLibrary">
<arg>${password}</arg>
<status status="PASS" starttime="20231113 21:16:39.477" endtime="20231113 21:16:39.477"/>
</kw>
<kw name="Run Application" library="AppLibrary">
<status status="PASS" starttime="20231113 21:16:39.477" endtime="20231113 21:16:39.477"/>
</kw>
<status status="PASS" starttime="20231113 21:16:39.476" endtime="20231113 21:16:39.477"/>
</kw>
<kw name="Output Should Contain" library="AppLibrary">
<arg>Invalid password, at least 8 characters and one special character required</arg>
<status status="PASS" starttime="20231113 21:16:39.477" endtime="20231113 21:16:39.477"/>
</kw>
<status status="PASS" starttime="20231113 21:16:39.476" endtime="20231113 21:16:39.477"/>
</test>
<test id="s1-s2-t6" name="Register With Valid Username And Long Enough Password Containing Only Letters" line="28">
<kw name="Input New Command And Create User" type="SETUP">
<kw name="Input New Command" library="resource">
<kw name="Input" library="AppLibrary">
<arg>new</arg>
<status status="PASS" starttime="20231113 21:16:39.478" endtime="20231113 21:16:39.478"/>
</kw>
<status status="PASS" starttime="20231113 21:16:39.478" endtime="20231113 21:16:39.478"/>
</kw>
<kw name="Create User" library="AppLibrary">
<arg>kalle</arg>
<arg>kalle123</arg>
<status status="PASS" starttime="20231113 21:16:39.478" endtime="20231113 21:16:39.478"/>
</kw>
<status status="PASS" starttime="20231113 21:16:39.478" endtime="20231113 21:16:39.478"/>
</kw>
<kw name="Input User Details" library="resource">
<arg>kalleee</arg>
<arg>kallekoo</arg>
<kw name="Input" library="AppLibrary">
<arg>${username}</arg>
<status status="PASS" starttime="20231113 21:16:39.479" endtime="20231113 21:16:39.479"/>
</kw>
<kw name="Input" library="AppLibrary">
<arg>${password}</arg>
<status status="PASS" starttime="20231113 21:16:39.479" endtime="20231113 21:16:39.479"/>
</kw>
<kw name="Run Application" library="AppLibrary">
<status status="PASS" starttime="20231113 21:16:39.479" endtime="20231113 21:16:39.479"/>
</kw>
<status status="PASS" starttime="20231113 21:16:39.479" endtime="20231113 21:16:39.479"/>
</kw>
<kw name="Output Should Contain" library="AppLibrary">
<arg>Invalid password, at least 8 characters and one special character required</arg>
<status status="PASS" starttime="20231113 21:16:39.480" endtime="20231113 21:16:39.480"/>
</kw>
<status status="PASS" starttime="20231113 21:16:39.477" endtime="20231113 21:16:39.480"/>
</test>
<status status="PASS" starttime="20231113 21:16:39.465" endtime="20231113 21:16:39.480"/>
</suite>
<status status="PASS" starttime="20231113 21:16:39.438" endtime="20231113 21:16:39.481"/>
</suite>
<statistics>
<total>
<stat pass="9" fail="0" skip="0">All Tests</stat>
</total>
<tag>
</tag>
<suite>
<stat pass="9" fail="0" skip="0" id="s1" name="Tests">Tests</stat>
<stat pass="3" fail="0" skip="0" id="s1-s1" name="Login">Tests.Login</stat>
<stat pass="6" fail="0" skip="0" id="s1-s2" name="Register">Tests.Register</stat>
</suite>
</statistics>
<errors>
</errors>
</robot>
